==============================================
Check if N = 12345678912333653845631,  Is  Prime and its factors.
==============================================
Start Time 1681018116.3488593 2023-04-09 01:28:36.348859
==============================================
 Factors of 12345678912333653845631
==============================================
111111110661 666666663966
12345678912333653845631 | 12345678912333653845631 = 1 * 1.2345678912333655e+22 ; 1.2345678912333655e+22 
12345678912333653845631 | 12345678912333653845631 = 529 * 2.3337767320101425e+19 ; 4.4116762419851464e+16 
12345678912333653845631 | 12345678912333653845631 = 56701 * 2.1773300139915792e+17 ; 3840020482869.0483 
12345678912333653845631 | 12345678912333653845631 = 29994829 * 411593575423739.0 ; 13722151.088900657 
12345678912333653845631 | 12345678912333653845631 = 39047629 * 316169745218939.0 ; 8097027.996730327 
12345678912333653845631 | 12345678912333653845631 = 242438593 * 50922911074367.0 ; 210044.57435688467 
12345678912333653845631 | 12345678912333653845631 = 23 * 5.367686483623328e+20 ; 2.3337767320101425e+19 
12345678912333653845631 | 12345678912333653845631 = 1304123 * 9466652234745996.0 ; 7259017926.028447 
12345678912333653845631 | 12345678912333653845631 = 1697723 * 7271904140035597.0 ; 4283327810.270343 
12345678912333653845631 | 12345678912333653845631 = 898095467 * 13746510661693.0 ; 15306.291109131053 
[12345678912333653845631, 1, 1.2345678912333655e+22, 529, 2.3337767320101425e+19, 56701, 2.1773300139915792e+17, 29994829, 411593575423739.0, 39047629, 316169745218939.0, 242438593, 50922911074367.0, 23, 5.367686483623328e+20, 1304123, 9466652234745996.0, 1697723, 7271904140035597.0, 898095467, 13746510661693.0]
==============================================
End Time 1681018223.5692852 2023-04-09 01:30:23.569285 ; Duration in sec 107.2204258441925 ; Duration in minutes 1.7870070974032084
