==============================================
Check if N = 1234567891233,  Is  Prime and its factors.
==============================================
Start Time 1680933612.5343244 2023-04-08 02:00:12.534324
==============================================
 Factors of 1234567891233
==============================================
1234567891233 | 1234567891233 = 3 * 411522630411.0 
1234567891233 | 1234567891233 = 1 * 1234567891233.0 
1234567891233 | 1234567891233 = 73 * 16911888921.0 
1234567891233 | 1234567891233 = 1627 * 758800179.0 
1234567891233 | 1234567891233 = 118771 * 10394523.0 
1234567891233 | 411522630411.0 = 3 * 137174210137.0 
1234567891233 | 411522630411.0 = 73 * 5637296307.0 
1234567891233 | 411522630411.0 = 1627 * 252933393.0 
1234567891233 | 411522630411.0 = 118771 * 3464841.0 
1234567891233 | 1234567891233.0 = 137174210137.0 * 9.0 
1234567891233 | 1234567891233.0 = 5637296307.0 * 219.0 
1234567891233 | 1234567891233.0 = 252933393.0 * 4881.0 
1234567891233 | 1234567891233.0 = 3464841.0 * 356313.0 
1234567891233 | 16911888921.0 = 9.0 * 1879098769.0 
1234567891233 | 758800179.0 = 9.0 * 84311131.0 
1234567891233 | 10394523.0 = 9.0 * 1154947.0 
[1234567891233, 3, 411522630411.0, 1, 1234567891233.0, 73, 16911888921.0, 1627, 758800179.0, 118771, 10394523.0, 137174210137.0, 5637296307.0, 252933393.0, 3464841.0, 9.0, 219.0, 4881.0, 356313.0, 1879098769.0, 84311131.0, 1154947.0]
==============================================
End Time 1680933612.5613265 2023-04-08 02:00:12.561326 ; Duration in sec 0.02700209617614746 ; Duration in minutes 0.00045003493626912433
