==============================================
Start Time 1681536630.138873 2023-04-15 01:30:30.138873
==============================================
==============================================
Check if A = 7823748432522345 is a Prime or Composite Prime
==============================================
A = 7823748432522345
88451955.50423035
 i Is not Prime
==============================================
Get primes between A = 7823748432522339 & B = 7823748432522345
==============================================
 Prime or composite: A = 7823748432522341 in 11 branch at location 1303958072087056.0 
 Prime or composite: A = 7823748432522343 in 7 branch at location = 1303958072087057.0
==============================================
Get Factor Chain for A = 7823748432522345
==============================================
[]
Factor 7823748432522345 = 3 * 2607916144174115.0 = 7823748432522345
Factor 7823748432522345 = 5 * 1564749686504469.0 = 7823748432522345
Factor 7823748432522345 = 41 * 190823132500545.0 = 7823748432522345
[2607916144174115.0, 1564749686504469.0, 190823132500545.0]
Factor 7823748432522345 = 205 * 38164626500109.0 = 7823748432522345
[2607916144174115.0, 1564749686504469.0, 190823132500545.0, 38164626500109.0]
Factor 7823748432522345 = 653 * 11981238028365.0 = 7823748432522345
[2607916144174115.0, 1564749686504469.0, 190823132500545.0, 38164626500109.0, 11981238028365.0]
Factor 7823748432522345 = 3265 * 2396247605673.0 = 7823748432522345
[2607916144174115.0, 1564749686504469.0, 190823132500545.0, 38164626500109.0, 11981238028365.0, 2396247605673.0]
Factor 7823748432522345 = 26773 * 292225317765.0 = 7823748432522345
[2607916144174115.0, 1564749686504469.0, 190823132500545.0, 38164626500109.0, 11981238028365.0, 2396247605673.0, 292225317765.0]
Factor 7823748432522345 = 133865 * 58445063553.0 = 7823748432522345
[2607916144174115.0, 1564749686504469.0, 190823132500545.0, 38164626500109.0, 11981238028365.0, 2396247605673.0, 292225317765.0, 58445063553.0]
==============================================
End Time 1681536636.3230903 2023-04-15 01:30:36.323090 ; Duration in sec 6.184217214584351 ; Duration in minutes 0.10307028690973917
