==============================================
Check if N = 1234567891234,  Is  Prime and its factors.
==============================================
Start Time 1680932918.4401455 2023-04-08 01:48:38.440145
==============================================
 Factors of 1234567891234
==============================================
1234567891234 | 1234567891234 = 2 * 617283945617.0 
1234567891234 | 1234567891234 = 1 * 1234567891234.0 
1234567891234 | 617283945617.0 = 2 * 308641972808.5 
1234567891234 | 308641972808.5 = 2 * 154320986404.25 
1234567891234 | 154320986404.25 = 2 * 77160493202.125 
1234567891234 | 77160493202.125 = 2 * 38580246601.0625 
1234567891234 | 38580246601.0625 = 2 * 19290123300.53125 
1234567891234 | 19290123300.53125 = 2 * 9645061650.265625 
1234567891234 | 9645061650.265625 = 2 * 4822530825.1328125 
1234567891234 | 4822530825.1328125 = 2 * 2411265412.5664062 
1234567891234 | 2411265412.5664062 = 2 * 1205632706.2832031 
1234567891234 | 1205632706.2832031 = 2 * 602816353.1416016 
1234567891234 | 602816353.1416016 = 2 * 301408176.5708008 
1234567891234 | 301408176.5708008 = 2 * 150704088.2854004 
1234567891234 | 150704088.2854004 = 2 * 75352044.1427002 
1234567891234 | 75352044.1427002 = 2 * 37676022.0713501 
1234567891234 | 37676022.0713501 = 2 * 18838011.03567505 
1234567891234 | 18838011.03567505 = 2 * 9419005.517837524 
1234567891234 | 9419005.517837524 = 2 * 4709502.758918762 
1234567891234 | 4709502.758918762 = 2 * 2354751.379459381 
1234567891234 | 2354751.379459381 = 2 * 1177375.6897296906 
1234567891234 | 1177375.6897296906 = 2 * 588687.8448648453 
1234567891234 | 588687.8448648453 = 2 * 294343.92243242264 
1234567891234 | 294343.92243242264 = 2 * 147171.96121621132 
1234567891234 | 147171.96121621132 = 2 * 73585.98060810566 
1234567891234 | 73585.98060810566 = 2 * 36792.99030405283 
1234567891234 | 36792.99030405283 = 2 * 18396.495152026415 
1234567891234 | 18396.495152026415 = 2 * 9198.247576013207 
1234567891234 | 9198.247576013207 = 2 * 4599.123788006604 
1234567891234 | 4599.123788006604 = 2 * 2299.561894003302 
1234567891234 | 2299.561894003302 = 2 * 1149.780947001651 
1234567891234 | 1149.780947001651 = 2 * 574.8904735008255 
1234567891234 | 574.8904735008255 = 2 * 287.44523675041273 
1234567891234 | 287.44523675041273 = 2 * 143.72261837520637 
1234567891234 | 143.72261837520637 = 2 * 71.86130918760318 
1234567891234 | 71.86130918760318 = 2 * 35.93065459380159 
1234567891234 | 35.93065459380159 = 2 * 17.965327296900796 
1234567891234 | 17.965327296900796 = 2 * 8.982663648450398 
1234567891234 | 8.982663648450398 = 2 * 4.491331824225199 
1234567891234 | 4.491331824225199 = 2 * 2.2456659121125995 
1234567891234 | 2.2456659121125995 = 2 * 1.1228329560562997 
[1234567891234, 2, 617283945617.0, 1, 1234567891234.0, 308641972808.5, 154320986404.25, 77160493202.125, 38580246601.0625, 19290123300.53125, 9645061650.265625, 4822530825.1328125, 2411265412.5664062, 1205632706.2832031, 602816353.1416016, 301408176.5708008, 150704088.2854004, 75352044.1427002, 37676022.0713501, 18838011.03567505, 9419005.517837524, 4709502.758918762, 2354751.379459381, 1177375.6897296906, 588687.8448648453, 294343.92243242264, 147171.96121621132, 73585.98060810566, 36792.99030405283, 18396.495152026415, 9198.247576013207, 4599.123788006604, 2299.561894003302, 1149.780947001651, 574.8904735008255, 287.44523675041273, 143.72261837520637, 71.86130918760318, 35.93065459380159, 17.965327296900796, 8.982663648450398, 4.491331824225199, 2.2456659121125995, 1.1228329560562997]
==============================================
End Time 1680932918.4546154 2023-04-08 01:48:38.454615 ; Duration in sec 0.01446986198425293 ; Duration in minutes 0.0002411643664042155
