==============================================
Check if N = 12345678912333653845631,  Is  Prime and its factors.
==============================================
Start Time 1681029634.6317406 2023-04-09 04:40:34.631740
==============================================
 Factors of 12345678912333653845631
==============================================
12345678912333653845631 | 12345678912333653845631 = 529 * 23337767320101425152 || Ratio = 44116762419851464 
12345678912333653845631 | 12345678912333653845631 = 56701 * 217733001399157920 || Ratio = 3840020482869 
12345678912333653845631 | 12345678912333653845631 = 29994829 * 411593575423739 || Ratio = 13722151 
12345678912333653845631 | 12345678912333653845631 = 39047629 * 316169745218939 || Ratio = 8097027 
12345678912333653845631 | 12345678912333653845631 = 242438593 * 50922911074367 || Ratio = 210044 
12345678912333653845631 | 12345678912333653845631 = 23 * 536768648362332782592 || Ratio = 23337767320101425152 
12345678912333653845631 | 12345678912333653845631 = 1304123 * 9466652234745996 || Ratio = 7259017926 
12345678912333653845631 | 12345678912333653845631 = 1697723 * 7271904140035597 || Ratio = 4283327810 
12345678912333653845631 | 12345678912333653845631 = 898095467 * 13746510661693 || Ratio = 15306 
[529, 23337767320101425152, 56701, 217733001399157920, 29994829, 411593575423739, 39047629, 316169745218939, 242438593, 50922911074367, 23, 536768648362332782592, 1304123, 9466652234745996, 1697723, 7271904140035597, 898095467, 13746510661693]
23337767320101425152 | 23337767320101425152 = 1697723 * 13746510661693
217733001399157920 | 217733001399157920 = 242438593 * 898095467
7271904140035597 | 7271904140035597 = 529 * 13746510661693 || Ratio = 25985842460 
7271904140035597 | 7271904140035597 = 56701 * 128250015697 || Ratio = 2261865 
217733001399157920 | 217733001399157920 = 39047629 * 5576087639
217733001399157920 | 217733001399157920 = 39047629 * 5576087639
128250015697 | 128250015697 = 23 * 5576087639 || Ratio = 242438593 
217733001399157920 | 217733001399157920 = 1697723 * 128250015697
217733001399157920 | 217733001399157920 = 39047629 * 5576087639
23337767320101425152 | 23337767320101425152 = 411593575423739 * 56701
23337767320101425152 | 23337767320101425152 = 1697723 * 13746510661693
23337767320101425152 | 23337767320101425152 = 411593575423739 * 56701
217733001399157920 | 217733001399157920 = 9466652234745996 * 23
217733001399157920 | 217733001399157920 = 9466652234745996 * 23
411593575423739 | 411593575423739 = 242438593 * 1697723
23337767320101425152 | 23337767320101425152 = 411593575423739 * 56701
316169745218939 | 316169745218939 = 242438593 * 1304123
536768648362332782592 | 536768648362332782592 = 23337767320101425152 * 23
536768648362332782592 | 536768648362332782592 = 23337767320101425152 * 23
23337767320101425152 | 23337767320101425152 = 411593575423739 * 56701
50922911074367 | 50922911074367 = 529 * 96262591823 || Ratio = 181970873 
50922911074367 | 50922911074367 = 56701 * 898095467 || Ratio = 15839 
50922911074367 | 50922911074367 = 23 * 2214039611929 || Ratio = 96262591823 
29994829 | 29994829 = 23 * 1304123
411593575423739 | 411593575423739 = 242438593 * 1697723
411593575423739 | 411593575423739 = 242438593 * 1697723
29994829 | 29994829 = 23 * 1304123
29994829 | 29994829 = 23 * 1304123
411593575423739 | 411593575423739 = 242438593 * 1697723
411593575423739 | 411593575423739 = 242438593 * 1697723
29994829 | 29994829 = 23 * 1304123
898095467 | 898095467 = 39047629 * 23
217733001399157920 | 217733001399157920 = 242438593 * 898095467
411593575423739 | 411593575423739 = 242438593 * 1697723
39047629 | 39047629 = 1697723 * 23
39047629 | 39047629 = 1697723 * 23
411593575423739 | 411593575423739 = 242438593 * 1697723
23337767320101425152 | 23337767320101425152 = 411593575423739 * 56701
23337767320101425152 | 23337767320101425152 = 411593575423739 * 56701
23337767320101425152 | 23337767320101425152 = 242438593 * 96262591823
411593575423739 | 411593575423739 = 242438593 * 1697723
411593575423739 | 411593575423739 = 242438593 * 1697723
23337767320101425152 | 23337767320101425152 = 411593575423739 * 56701
217733001399157920 | 217733001399157920 = 411593575423739 * 529
316169745218939 | 316169745218939 = 56701 * 5576087639 || Ratio = 98341 
316169745218939 | 316169745218939 = 23 * 13746510661693 || Ratio = 597674376595 
29994829 | 29994829 = 23 * 1304123
5576087639 | 5576087639 = 23 * 242438593
5576087639 | 5576087639 = 23 * 242438593
29994829 | 29994829 = 23 * 1304123
5576087639 | 5576087639 = 23 * 242438593
5576087639 | 5576087639 = 23 * 242438593
5576087639 | 5576087639 = 23 * 242438593 || Ratio = 10540808 
217733001399157920 | 217733001399157920 = 39047629 * 5576087639
23337767320101425152 | 23337767320101425152 = 411593575423739 * 56701
39047629 | 39047629 = 23 * 1697723 || Ratio = 73814 
29994829 | 29994829 = 23 * 1304123 || Ratio = 56701 
1304123 | 1304123 = 23 * 56701
1304123 | 1304123 = 23 * 56701
[529, 23337767320101425152, 56701, 217733001399157920, 29994829, 411593575423739, 39047629, 316169745218939, 242438593, 50922911074367, 23, 536768648362332782592, 1304123, 9466652234745996, 1697723, 7271904140035597, 898095467, 13746510661693, 13746510661693, 898095467, 7271904140035597, 5576087639, 128250015697, 5576087639, 23, 56701, 13746510661693, 56701, 529, 23, 1697723, 9466652234745996, 1304123, 23, 56701, 536768648362332782592, 50922911074367, 1697723, 1304123, 2214039611929, 1697723, 1304123, 23, 898095467, 23, 1697723, 56701, 96262591823, 1697723, 56701, 529, 242438593, 316169745218939, 242438593, 1304123, 13746510661693, 242438593, 23, 5576087639, 242438593, 23, 56701, 39047629, 1697723, 23, 411593575423739, 29994829, 56701, 1304123, 23, 217733001399157920, 23337767320101425152]
==============================================
End Time 1681029748.6132712 2023-04-09 04:42:28.613271 ; Duration in sec 113.98153066635132 ; Duration in minutes 1.899692177772522
