==============================================
1 /6 List 
==============================================
Start Time 1681709347.6860566 2023-04-17 01:29:07.686056
==============================================
i = 1 ; i/6 =0.16666666666666666 ; i/6 +1/2 - 1/6 = i/6 + 2/6 = i/6 +1/3 =0.5
i = 4 ; i/6 =0.6666666666666666 ; i/6 - 1/6 =0.5
i = 7 ; i/6 =1.1666666666666667 ; i/6 +1/2 - 1/6 = i/6 + 2/6 = i/6 +1/3 =1.5
i = 10 ; i/6 =1.6666666666666667 ; i/6 - 1/6 =1.5
i = 13 ; i/6 =2.1666666666666665 ; i/6 +1/2 - 1/6 = i/6 + 2/6 = i/6 +1/3 =2.5
i = 16 ; i/6 =2.6666666666666665 ; i/6 - 1/6 =2.5
i = 19 ; i/6 =3.1666666666666665 ; i/6 +1/2 - 1/6 = i/6 + 2/6 = i/6 +1/3 =3.5
i = 22 ; i/6 =3.6666666666666665 ; i/6 - 1/6 =3.5
i = 25 ; i/6 =4.166666666666667 ; i/6 +1/2 - 1/6 = i/6 + 2/6 = i/6 +1/3 =4.5
i = 28 ; i/6 =4.666666666666667 ; i/6 - 1/6 =4.5
i = 31 ; i/6 =5.166666666666667 ; i/6 +1/2 - 1/6 = i/6 + 2/6 = i/6 +1/3 =5.5
i = 34 ; i/6 =5.666666666666667 ; i/6 - 1/6 =5.5
i = 37 ; i/6 =6.166666666666667 ; i/6 +1/2 - 1/6 = i/6 + 2/6 = i/6 +1/3 =6.5
i = 40 ; i/6 =6.666666666666667 ; i/6 - 1/6 =6.5
i = 43 ; i/6 =7.166666666666667 ; i/6 +1/2 - 1/6 = i/6 + 2/6 = i/6 +1/3 =7.5
i = 46 ; i/6 =7.666666666666667 ; i/6 - 1/6 =7.5
i = 49 ; i/6 =8.166666666666666 ; i/6 +1/2 - 1/6 = i/6 + 2/6 = i/6 +1/3 =8.5
i = 52 ; i/6 =8.666666666666666 ; i/6 - 1/6 =8.5
i = 55 ; i/6 =9.166666666666666 ; i/6 +1/2 - 1/6 = i/6 + 2/6 = i/6 +1/3 =9.5
i = 58 ; i/6 =9.666666666666666 ; i/6 - 1/6 =9.5
i = 61 ; i/6 =10.166666666666666 ; i/6 +1/2 - 1/6 = i/6 + 2/6 = i/6 +1/3 =10.5
i = 64 ; i/6 =10.666666666666666 ; i/6 - 1/6 =10.5
i = 67 ; i/6 =11.166666666666666 ; i/6 +1/2 - 1/6 = i/6 + 2/6 = i/6 +1/3 =11.5
i = 70 ; i/6 =11.666666666666666 ; i/6 - 1/6 =11.5
i = 73 ; i/6 =12.166666666666666 ; i/6 +1/2 - 1/6 = i/6 + 2/6 = i/6 +1/3 =12.5
i = 76 ; i/6 =12.666666666666666 ; i/6 - 1/6 =12.5
i = 79 ; i/6 =13.166666666666666 ; i/6 +1/2 - 1/6 = i/6 + 2/6 = i/6 +1/3 =13.5
i = 82 ; i/6 =13.666666666666666 ; i/6 - 1/6 =13.5
i = 85 ; i/6 =14.166666666666666 ; i/6 +1/2 - 1/6 = i/6 + 2/6 = i/6 +1/3 =14.5
i = 88 ; i/6 =14.666666666666666 ; i/6 - 1/6 =14.5
i = 91 ; i/6 =15.166666666666666 ; i/6 +1/2 - 1/6 = i/6 + 2/6 = i/6 +1/3 =15.5
i = 94 ; i/6 =15.666666666666666 ; i/6 - 1/6 =15.5
i = 97 ; i/6 =16.166666666666668 ; i/6 +1/2 - 1/6 = i/6 + 2/6 = i/6 +1/3 =16.5
i = 100 ; i/6 =16.666666666666668 ; i/6 - 1/6 =16.5
i = 103 ; i/6 =17.166666666666668 ; i/6 +1/2 - 1/6 = i/6 + 2/6 = i/6 +1/3 =17.5
i = 106 ; i/6 =17.666666666666668 ; i/6 - 1/6 =17.5
i = 109 ; i/6 =18.166666666666668 ; i/6 +1/2 - 1/6 = i/6 + 2/6 = i/6 +1/3 =18.5
i = 112 ; i/6 =18.666666666666668 ; i/6 - 1/6 =18.5
i = 115 ; i/6 =19.166666666666668 ; i/6 +1/2 - 1/6 = i/6 + 2/6 = i/6 +1/3 =19.5
i = 118 ; i/6 =19.666666666666668 ; i/6 - 1/6 =19.5
i = 121 ; i/6 =20.166666666666668 ; i/6 +1/2 - 1/6 = i/6 + 2/6 = i/6 +1/3 =20.5
i = 124 ; i/6 =20.666666666666668 ; i/6 - 1/6 =20.5
i = 127 ; i/6 =21.166666666666668 ; i/6 +1/2 - 1/6 = i/6 + 2/6 = i/6 +1/3 =21.5
==============================================
1 /2 List 
==============================================
i = 3 ; i/6 =0.5; 
i = 6 ; i/6 =1.0; i/6 - 1/2 =0.5
i = 9 ; i/6 =1.5; 
i = 12 ; i/6 =2.0; i/6 - 1/2 =1.5
i = 15 ; i/6 =2.5; 
i = 18 ; i/6 =3.0; i/6 - 1/2 =2.5
i = 21 ; i/6 =3.5; 
i = 24 ; i/6 =4.0; i/6 - 1/2 =3.5
i = 27 ; i/6 =4.5; 
i = 30 ; i/6 =5.0; i/6 - 1/2 =4.5
i = 33 ; i/6 =5.5; 
i = 36 ; i/6 =6.0; i/6 - 1/2 =5.5
i = 39 ; i/6 =6.5; 
i = 42 ; i/6 =7.0; i/6 - 1/2 =6.5
i = 45 ; i/6 =7.5; 
i = 48 ; i/6 =8.0; i/6 - 1/2 =7.5
i = 51 ; i/6 =8.5; 
i = 54 ; i/6 =9.0; i/6 - 1/2 =8.5
i = 57 ; i/6 =9.5; 
i = 60 ; i/6 =10.0; i/6 - 1/2 =9.5
i = 63 ; i/6 =10.5; 
i = 66 ; i/6 =11.0; i/6 - 1/2 =10.5
i = 69 ; i/6 =11.5; 
i = 72 ; i/6 =12.0; i/6 - 1/2 =11.5
i = 75 ; i/6 =12.5; 
i = 78 ; i/6 =13.0; i/6 - 1/2 =12.5
i = 81 ; i/6 =13.5; 
i = 84 ; i/6 =14.0; i/6 - 1/2 =13.5
i = 87 ; i/6 =14.5; 
i = 90 ; i/6 =15.0; i/6 - 1/2 =14.5
i = 93 ; i/6 =15.5; 
i = 96 ; i/6 =16.0; i/6 - 1/2 =15.5
i = 99 ; i/6 =16.5; 
i = 102 ; i/6 =17.0; i/6 - 1/2 =16.5
i = 105 ; i/6 =17.5; 
i = 108 ; i/6 =18.0; i/6 - 1/2 =17.5
i = 111 ; i/6 =18.5; 
i = 114 ; i/6 =19.0; i/6 - 1/2 =18.5
i = 117 ; i/6 =19.5; 
i = 120 ; i/6 =20.0; i/6 - 1/2 =19.5
i = 123 ; i/6 =20.5; 
i = 126 ; i/6 =21.0; i/6 - 1/2 =20.5
i = 129 ; i/6 =21.5; 
==============================================
1 /2 List 
==============================================
i = 2 ; i/6 =0.3333333333333333; i/6 + 1/6 =0.5
i = 5 ; i/6 =0.8333333333333334; i/6 - 1/2 + 1/6 = i/6 - 2/6 = i/6 -1/3 =0.5
i = 8 ; i/6 =1.3333333333333333; i/6 + 1/6 =1.5
i = 11 ; i/6 =1.8333333333333333; i/6 - 1/2 + 1/6 = i/6 - 2/6 = i/6 -1/3 =1.5
i = 14 ; i/6 =2.3333333333333335; i/6 + 1/6 =2.5
i = 17 ; i/6 =2.8333333333333335; i/6 - 1/2 + 1/6 = i/6 - 2/6 = i/6 -1/3 =2.5
i = 20 ; i/6 =3.3333333333333335; i/6 + 1/6 =3.5
i = 23 ; i/6 =3.8333333333333335; i/6 - 1/2 + 1/6 = i/6 - 2/6 = i/6 -1/3 =3.5
i = 26 ; i/6 =4.333333333333333; i/6 + 1/6 =4.5
i = 29 ; i/6 =4.833333333333333; i/6 - 1/2 + 1/6 = i/6 - 2/6 = i/6 -1/3 =4.5
i = 32 ; i/6 =5.333333333333333; i/6 + 1/6 =5.5
i = 35 ; i/6 =5.833333333333333; i/6 - 1/2 + 1/6 = i/6 - 2/6 = i/6 -1/3 =5.5
i = 38 ; i/6 =6.333333333333333; i/6 + 1/6 =6.5
i = 41 ; i/6 =6.833333333333333; i/6 - 1/2 + 1/6 = i/6 - 2/6 = i/6 -1/3 =6.5
i = 44 ; i/6 =7.333333333333333; i/6 + 1/6 =7.5
i = 47 ; i/6 =7.833333333333333; i/6 - 1/2 + 1/6 = i/6 - 2/6 = i/6 -1/3 =7.5
i = 50 ; i/6 =8.333333333333334; i/6 + 1/6 =8.5
i = 53 ; i/6 =8.833333333333334; i/6 - 1/2 + 1/6 = i/6 - 2/6 = i/6 -1/3 =8.5
i = 56 ; i/6 =9.333333333333334; i/6 + 1/6 =9.5
i = 59 ; i/6 =9.833333333333334; i/6 - 1/2 + 1/6 = i/6 - 2/6 = i/6 -1/3 =9.5
i = 62 ; i/6 =10.333333333333334; i/6 + 1/6 =10.5
i = 65 ; i/6 =10.833333333333334; i/6 - 1/2 + 1/6 = i/6 - 2/6 = i/6 -1/3 =10.5
i = 68 ; i/6 =11.333333333333334; i/6 + 1/6 =11.5
i = 71 ; i/6 =11.833333333333334; i/6 - 1/2 + 1/6 = i/6 - 2/6 = i/6 -1/3 =11.5
i = 74 ; i/6 =12.333333333333334; i/6 + 1/6 =12.5
i = 77 ; i/6 =12.833333333333334; i/6 - 1/2 + 1/6 = i/6 - 2/6 = i/6 -1/3 =12.5
i = 80 ; i/6 =13.333333333333334; i/6 + 1/6 =13.5
i = 83 ; i/6 =13.833333333333334; i/6 - 1/2 + 1/6 = i/6 - 2/6 = i/6 -1/3 =13.5
i = 86 ; i/6 =14.333333333333334; i/6 + 1/6 =14.5
i = 89 ; i/6 =14.833333333333334; i/6 - 1/2 + 1/6 = i/6 - 2/6 = i/6 -1/3 =14.5
i = 92 ; i/6 =15.333333333333334; i/6 + 1/6 =15.5
i = 95 ; i/6 =15.833333333333334; i/6 - 1/2 + 1/6 = i/6 - 2/6 = i/6 -1/3 =15.5
i = 98 ; i/6 =16.333333333333332; i/6 + 1/6 =16.5
i = 101 ; i/6 =16.833333333333332; i/6 - 1/2 + 1/6 = i/6 - 2/6 = i/6 -1/3 =16.5
i = 104 ; i/6 =17.333333333333332; i/6 + 1/6 =17.5
i = 107 ; i/6 =17.833333333333332; i/6 - 1/2 + 1/6 = i/6 - 2/6 = i/6 -1/3 =17.5
i = 110 ; i/6 =18.333333333333332; i/6 + 1/6 =18.5
i = 113 ; i/6 =18.833333333333332; i/6 - 1/2 + 1/6 = i/6 - 2/6 = i/6 -1/3 =18.5
i = 116 ; i/6 =19.333333333333332; i/6 + 1/6 =19.5
i = 119 ; i/6 =19.833333333333332; i/6 - 1/2 + 1/6 = i/6 - 2/6 = i/6 -1/3 =19.5
i = 122 ; i/6 =20.333333333333332; i/6 + 1/6 =20.5
i = 125 ; i/6 =20.833333333333332; i/6 - 1/2 + 1/6 = i/6 - 2/6 = i/6 -1/3 =20.5
i = 128 ; i/6 =21.333333333333332; i/6 + 1/6 =21.5
End Time 1681709347.6860566 2023-04-17 01:29:07.686056 ; Duration in sec 0.0 ; Duration in minutes 0.0
