==============================================
Start Time 1681540533.4782786 2023-04-15 02:35:33.478278
==============================================
==============================================
Check if A = 12345679403659834650198655878392721 is a Prime or Composite Prime
==============================================
A = 12345679403659834650198655878392721
111111112872024800.00000000
 i Is not Prime
==============================================
Get primes between A = 12345679403659834650198655878392715 & B = 12345679403659834650198655878392721
==============================================
==============================================
A is number with 35 Digits
Search for Factors up untill 2311204272
Get Factor Chain for A = 12345679403659834650198655878392721
==============================================
Factor 12345679403659834650198655878392721 = 3 * 4115226467886611490662298312245248 = 12345679403659834650198655878392721
Factor 12345679403659834650198655878392721 = 17 * 726216435509402087105483027513344 = 12345679403659834650198655878392721
Factor 12345679403659834650198655878392721 = 409 * 30185035216772213878458708656128 = 12345679403659834650198655878392721
Factor 12345679403659834650198655878392721 = 541 * 22820109803437772249979424866304 = 12345679403659834650198655878392721
Factor 12345679403659834650198655878392721 = 3457 * 3571211861052888255382044016640 = 12345679403659834650198655878392721
Factor 12345679403659834650198655878392721 = 6953 * 1775590306868953740999043055616 = 12345679403659834650198655878392721
Factor 12345679403659834650198655878392721 = 9197 * 1342359400202221996401722654720 = 12345679403659834650198655878392721
Factor 12345679403659834650198655878392721 = 22853 * 540221389036880690619558658048 = 12345679403659834650198655878392721
Factor 12345679403659834650198655878392721 = 58769 * 210071285944287540294899990528 = 12345679403659834650198655878392721
Factor 12345679403659834650198655878392721 = 221269 * 55794889494957875931591475200 = 12345679403659834650198655878392721
Factor 12345679403659834650198655878392721 = 388501 * 31777728766875333448783888384 = 12345679403659834650198655878392721
Factor 12345679403659834650198655878392721 = 1413913 * 8731569342427599799643537408 = 12345679403659834650198655878392721
Factor 12345679403659834650198655878392721 = 1870237 * 6601130981613472272594501632 = 12345679403659834650198655878392721
Factor 12345679403659834650198655878392721 = 3761573 * 3282052323232816263608664064 = 12345679403659834650198655878392721
Factor 12345679403659834650198655878392721 = 9346877 * 1320834692021713130265509888 = 12345679403659834650198655878392721
Factor 12345679403659834650198655878392721 = 12363473 * 998560793044141843528286208 = 12345679403659834650198655878392721
Factor 12345679403659834650198655878392721 = 24036521 * 513621726025152937475440640 = 12345679403659834650198655878392721
Factor 12345679403659834650198655878392721 = 31794029 * 388301822447851314194939904 = 12345679403659834650198655878392721
Factor 12345679403659834650198655878392721 = 79002821 * 156268842648793946970390528 = 12345679403659834650198655878392721
Factor 12345679403659834650198655878392721 = 158896909 * 77696158354218425490866176 = 12345679403659834650198655878392721
Factor 12345679403659834650198655878392721 = 210179041 * 58738870179067163224047616 = 12345679403659834650198655878392721
Factor 12345679403659834650198655878392721 = 764926933 * 16139684551622180382703616 = 12345679403659834650198655878392721
Factor 12345679403659834650198655878392721 = 1343047957 * 9192284861693761712816128 = 12345679403659834650198655878392721
==============================================
End Time 1681540716.750151 2023-04-15 02:38:36.750151 ; Duration in sec 183.2718722820282 ; Duration in minutes 3.05453120470047
