==============================================
Check if N = 123456781,  Is  Prime and its factors.
==============================================
Start Time 1680924133.7140825 2023-04-07 23:22:13.714082
==============================================
123456781 | 123456781 = 1 * 123456781.0 
123456781 | 123456781 = 7 * 17636683.0 
123456781 | 123456781 = 2887 * 42763.0 
123456781 | 123456781 = 6109 * 20209.0 
123456781 | 123456781 = 20209 * 6109.0 
123456781 | 123456781 = 42763 * 2887.0 
123456781 | 123456781 = 17636683 * 7.0 
123456781 | 123456781 = 123456781 * 1.0 
123456781 | 123456781 = 41 * 3011141.0 
123456781 | 123456781 = 149 * 828569.0 
123456781 | 123456781 = 287 * 430163.0 
123456781 | 123456781 = 1043 * 118367.0 
123456781 | 123456781 = 118367 * 1043.0 
123456781 | 123456781 = 430163 * 287.0 
123456781 | 123456781 = 828569 * 149.0 
123456781 | 123456781 = 3011141 * 41.0 
[123456781, 1, 123456781.0, 7, 17636683.0, 2887, 42763.0, 6109, 20209.0, 20209, 6109.0, 42763, 2887.0, 17636683, 7.0, 123456781, 1.0, 41, 3011141.0, 149, 828569.0, 287, 430163.0, 1043, 118367.0, 118367, 1043.0, 430163, 287.0, 828569, 149.0, 3011141, 41.0]
==============================================
 Factors of 123456781
==============================================
==============================================
==============================================
End Time 1680924135.700931 2023-04-07 23:22:15.700931 ; Duration in sec 1.9868485927581787 ; Duration in minutes 0.03311414321263631
