==============================================
Check if N = 123456789123336538456318,  Is  Prime and its factors.
==============================================
Start Time 1681453195.5645075 2023-04-14 02:19:55.564507
==============================================
 Factors of 123456789123336538456318 ; for number with 24 digits
==============================================
123456789123336538456318 | 123456789123336538456318 = 2 * 61728394561668266328064 
123456789123336538456318 | 123456789123336538456318 = 31 * 3982477068494727282688 || Ratio = 128467002209507328000 
123456789123336538456318 | 123456789123336538456318 = 30326407 * 4070933596694674 || Ratio = 134237253 
123456789123336538456318 | 123456789123336538456318 = 50132293 * 2462620034621926 || Ratio = 49122429 
123456789123336538456318 | 123456789123336538456318 = 250160149 * 493511015310982 || Ratio = 1972780 
123456789123336538456318 | 123456789123336538456318 = 940118617 * 131320438603054 || Ratio = 139684 
123456789123336538456318 | 123456789123336538456318 = 1554101083 * 79439355955546 || Ratio = 51115 
123456789123336538456318 | 123456789123336538456318 = 191 * 646370623682390261760 || Ratio = 3384139391007279104 
123456789123336538456318 | 123456789123336538456318 = 5921 * 20850665280077103104 || Ratio = 3521476993764077 
123456789123336538456318 | 123456789123336538456318 = 158777 * 777548316968682752 || Ratio = 4897109259960 
123456789123336538456318 | 123456789123336538456318 = 1309739 * 94260603924397568 || Ratio = 71968998345 
123456789123336538456318 | 123456789123336538456318 = 4922087 * 25082203773183312 || Ratio = 5095847304 
123456789123336538456318 | 123456789123336538456318 = 40601909 * 3040664642722502 || Ratio = 74889696 
[2, 61728394561668266328064, 31, 3982477068494727282688, 30326407, 4070933596694674, 50132293, 2462620034621926, 250160149, 493511015310982, 940118617, 131320438603054, 1554101083, 79439355955546, 191, 646370623682390261760, 5921, 20850665280077103104, 158777, 777548316968682752, 1309739, 94260603924397568, 4922087, 25082203773183312, 40601909, 3040664642722502]
61728394561668266328064 | 61728394561668266328064 = 777548316968682752 * 79388
940118617 | 940118617 = 191 * 4922087
250160149 | 250160149 = 191 * 1309739
30326407 | 30326407 = 191 * 158777
61728394561668266328064 | 61728394561668266328064 = 646370623682390261760 * 95
61728394561668266328064 | 61728394561668266328064 = 2462620034621926 * 25066146
940118617 | 940118617 = 191 * 4922087 || Ratio = 25770 
61728394561668266328064 | 61728394561668266328064 = 4070933596694674 * 15163203
30326407 | 30326407 = 191 * 158777
30326407 | 30326407 = 191 * 158777
15163203 | 15163203 = 11 * 1378473 || Ratio = 125315 
30326407 | 30326407 = 191 * 158777
30326407 | 30326407 = 191 * 158777
[2, 61728394561668266328064, 31, 3982477068494727282688, 30326407, 4070933596694674, 50132293, 2462620034621926, 250160149, 493511015310982, 940118617, 131320438603054, 1554101083, 79439355955546, 191, 646370623682390261760, 5921, 20850665280077103104, 158777, 777548316968682752, 1309739, 94260603924397568, 4922087, 25082203773183312, 40601909, 3040664642722502, 79388, 95, 25066146, 15163203, 1378473, 11]
==============================================
End Time 1681453937.942402 2023-04-14 02:32:17.942401 ; Duration in sec 742.3778944015503 ; Duration in minutes 12.372964906692506
